<?xml version="1.0" encoding="UTF-8"?>
<testng-results ignored="0" total="1" passed="1" failed="0" skipped="0">
  <reporter-output>
  </reporter-output>
  <suite started-at="2023-12-19T02:12:37 IST" name="Default suite" finished-at="2023-12-19T02:12:51 IST" duration-ms="13965">
    <groups>
      <group name="cucumber">
        <method signature="AbstractTestNGCucumberTests.runScenario(io.cucumber.testng.PickleWrapper,io.cucumber.testng.FeatureWrapper)[pri:0, instance:runnerFile.TestRunnerTestNg@28261e8e]" name="runScenario" class="io.cucumber.testng.AbstractTestNGCucumberTests"/>
      </group> <!-- cucumber -->
    </groups>
    <test started-at="2023-12-19T02:12:37 IST" name="Default test" finished-at="2023-12-19T02:12:51 IST" duration-ms="13965">
      <class name="runnerFile.TestRunnerTestNg">
        <test-method is-config="true" signature="setUpClass(org.testng.ITestContext)[pri:0, instance:runnerFile.TestRunnerTestNg@28261e8e]" started-at="2023-12-19T02:12:37 IST" name="setUpClass" finished-at="2023-12-19T02:12:38 IST" duration-ms="1033" status="PASS">
          <params>
            <param index="0">
              <value>
                <![CDATA[org.testng.TestRunner@235d659c]]>
              </value>
            </param>
          </params>
          <reporter-output>
          </reporter-output>
        </test-method> <!-- setUpClass -->
        <test-method signature="runScenario(io.cucumber.testng.PickleWrapper,io.cucumber.testng.FeatureWrapper)[pri:0, instance:runnerFile.TestRunnerTestNg@28261e8e]" started-at="2023-12-19T02:12:38 IST" name="runScenario" description="Runs Cucumber Scenarios" data-provider="scenarios" finished-at="2023-12-19T02:12:51 IST" duration-ms="12796" status="PASS">
          <params>
            <param index="0">
              <value>
                <![CDATA["Login with correct crediantials"]]>
              </value>
            </param>
            <param index="1">
              <value>
                <![CDATA["Login+"]]>
              </value>
            </param>
          </params>
          <reporter-output>
          </reporter-output>
        </test-method> <!-- runScenario -->
        <test-method is-config="true" signature="tearDownClass()[pri:0, instance:runnerFile.TestRunnerTestNg@28261e8e]" started-at="2023-12-19T02:12:51 IST" name="tearDownClass" finished-at="2023-12-19T02:12:51 IST" duration-ms="52" status="PASS">
          <reporter-output>
          </reporter-output>
        </test-method> <!-- tearDownClass -->
      </class> <!-- runnerFile.TestRunnerTestNg -->
    </test> <!-- Default test -->
  </suite> <!-- Default suite -->
</testng-results>
